TN:
SF:src/components/dashboard/wsp/utils/i18n.ts
FNF:0
FNH:0
DA:2,1
DA:3,1
DA:4,1
DA:5,1
DA:6,1
DA:7,1
DA:8,1
DA:9,1
DA:10,1
DA:11,1
DA:12,1
DA:13,1
DA:14,1
DA:15,1
DA:16,1
DA:17,1
DA:18,1
DA:19,1
DA:20,1
DA:21,1
DA:22,1
DA:23,1
DA:24,1
DA:25,1
DA:26,1
DA:27,1
DA:28,1
DA:29,1
DA:30,1
DA:31,1
DA:32,1
DA:33,1
DA:34,1
DA:35,1
DA:36,1
DA:37,1
DA:38,1
DA:39,1
DA:40,1
DA:41,1
DA:42,1
DA:43,1
DA:44,1
DA:45,1
DA:46,1
DA:47,1
LF:46
LH:46
BRF:0
BRH:0
end_of_record
TN:
SF:src/components/dashboard/wsp/utils/scoring.ts
FN:17,calculateWSPS
FN:40,smoothAndHysteresis
FN:75,clamp
FN:77,normalizeInputs
FN:105,zClamp
FN:125,scalePctl
FNF:6
FNH:6
FNDA:3,calculateWSPS
FNDA:10,smoothAndHysteresis
FNDA:17,clamp
FNDA:3,normalizeInputs
FNDA:6,zClamp
FNDA:6,scalePctl
DA:1,1
DA:17,1
DA:18,3
DA:19,3
DA:20,3
DA:21,3
DA:22,3
DA:23,3
DA:24,3
DA:25,3
DA:26,3
DA:27,3
DA:28,3
DA:29,3
DA:30,2
DA:31,3
DA:32,3
DA:35,1
DA:36,1
DA:37,1
DA:38,1
DA:40,10
DA:41,10
DA:42,10
DA:43,10
DA:44,10
DA:45,10
DA:48,10
DA:50,10
DA:51,10
DA:52,4
DA:53,4
DA:54,10
DA:55,0
DA:56,6
DA:57,6
DA:58,6
DA:61,10
DA:62,10
DA:63,10
DA:64,10
DA:65,0
DA:66,0
DA:67,0
DA:69,10
DA:71,10
DA:72,10
DA:75,17
DA:77,3
DA:84,3
DA:86,3
DA:87,3
DA:88,3
DA:89,3
DA:90,3
DA:91,3
DA:94,3
DA:95,3
DA:96,3
DA:97,3
DA:98,3
DA:101,3
DA:102,3
DA:103,3
DA:104,3
DA:105,3
DA:106,3
DA:109,3
DA:110,3
DA:111,3
DA:112,3
DA:113,3
DA:116,3
DA:117,3
DA:118,3
DA:119,3
DA:120,3
DA:121,3
DA:122,3
DA:123,3
DA:125,3
DA:126,6
DA:127,5
DA:128,6
DA:130,1
DA:131,1
DA:132,4
DA:133,6
DA:135,3
DA:136,3
DA:139,3
DA:140,3
DA:142,3
DA:144,3
DA:145,3
DA:146,3
DA:147,3
DA:148,3
LF:98
LH:94
BRDA:17,0,0,3
BRDA:29,1,0,1
BRDA:29,2,0,2
BRDA:26,3,0,18
BRDA:27,4,0,18
BRDA:40,5,0,10
BRDA:43,6,0,8
BRDA:43,7,0,2
BRDA:44,8,0,2
BRDA:44,9,0,2
BRDA:48,10,0,0
BRDA:48,11,0,0
BRDA:51,12,0,4
BRDA:52,13,0,0
BRDA:53,14,0,0
BRDA:54,15,0,6
BRDA:54,16,0,0
BRDA:57,17,0,2
BRDA:64,18,0,0
BRDA:75,19,0,17
BRDA:77,20,0,3
BRDA:102,21,0,2
BRDA:102,22,0,1
BRDA:103,23,0,2
BRDA:103,24,0,1
BRDA:103,25,0,2
BRDA:104,26,0,2
BRDA:104,27,0,1
BRDA:104,28,0,2
BRDA:106,29,0,0
BRDA:106,30,0,0
BRDA:110,31,0,2
BRDA:110,32,0,1
BRDA:111,33,0,2
BRDA:111,34,0,1
BRDA:111,35,0,2
BRDA:112,36,0,2
BRDA:112,37,0,1
BRDA:112,38,0,2
BRDA:113,39,0,0
BRDA:113,40,0,0
BRDA:118,41,0,2
BRDA:118,42,0,0
BRDA:118,43,0,1
BRDA:119,44,0,2
BRDA:119,45,0,0
BRDA:119,46,0,1
BRDA:120,47,0,1
BRDA:120,48,0,0
BRDA:120,49,0,2
BRDA:121,50,0,1
BRDA:121,51,0,0
BRDA:121,52,0,2
BRDA:122,53,0,2
BRDA:122,54,0,1
BRDA:123,55,0,1
BRDA:123,56,0,2
BRDA:139,57,0,0
BRDA:140,58,0,0
BRDA:142,59,0,2
BRDA:142,60,0,2
BRDA:142,61,0,1
BRDA:142,62,0,2
BRDA:142,63,0,1
BRDA:105,64,0,6
BRDA:125,65,0,6
BRDA:126,66,0,5
BRDA:126,67,0,1
BRDA:128,68,0,1
BRDA:131,69,0,4
BRF:70
BRH:54
end_of_record
TN:
SF:src/components/dashboard/wsp/utils/thresholds.ts
FNF:0
FNH:0
DA:2,1
DA:3,1
DA:4,1
DA:5,1
DA:6,1
DA:7,1
DA:8,1
DA:9,1
DA:11,1
DA:12,1
DA:13,1
DA:14,1
DA:15,1
LF:13
LH:13
BRF:0
BRH:0
end_of_record
TN:
SF:src/lib/wsp/adapters/calendar.adapter.ts
FN:10,getCatalysts
FNF:1
FNH:1
FNDA:7,getCatalysts
DA:1,1
DA:6,1
DA:7,1
DA:8,1
DA:10,7
DA:11,7
DA:12,7
DA:13,7
DA:15,7
DA:16,7
DA:18,7
DA:19,7
DA:20,7
DA:21,7
DA:22,5
DA:23,5
DA:24,5
DA:25,7
DA:26,4
DA:27,4
DA:28,4
DA:29,7
DA:30,3
DA:31,3
DA:32,3
DA:33,3
DA:34,7
LF:27
LH:27
BRDA:10,0,0,7
BRDA:11,1,0,3
BRDA:11,2,0,3
BRDA:15,3,0,0
BRDA:16,4,0,0
BRDA:18,5,0,0
BRDA:21,6,0,5
BRDA:25,7,0,4
BRDA:25,8,0,1
BRDA:26,9,0,1
BRDA:29,10,0,3
BRF:11
BRH:8
end_of_record
TN:
SF:src/lib/wsp/adapters/etfFlow.adapter.ts
FN:13,getEtfFlows
FNF:1
FNH:1
FNDA:8,getEtfFlows
DA:1,1
DA:9,1
DA:10,1
DA:11,1
DA:13,8
DA:14,8
DA:15,8
DA:16,8
DA:19,8
DA:21,8
DA:23,8
DA:24,8
DA:25,8
DA:26,8
DA:27,8
DA:28,7
DA:29,7
DA:30,7
DA:31,7
DA:32,7
DA:33,7
DA:35,8
DA:36,4
DA:37,4
DA:38,4
DA:39,4
DA:40,4
DA:41,4
DA:42,4
DA:43,4
DA:44,7
DA:45,8
DA:46,1
DA:47,1
DA:48,1
DA:49,1
DA:50,8
LF:37
LH:37
BRDA:13,0,0,8
BRDA:14,1,0,1
BRDA:14,2,0,1
BRDA:19,3,0,0
BRDA:21,4,0,0
BRDA:24,5,0,0
BRDA:27,6,0,7
BRDA:31,7,0,1
BRDA:32,8,0,2
BRDA:35,9,0,5
BRDA:35,10,0,4
BRDA:35,11,0,7
BRDA:35,12,0,4
BRDA:38,13,0,0
BRDA:40,14,0,2
BRDA:40,15,0,2
BRDA:45,16,0,1
BRF:17
BRH:13
end_of_record
TN:
SF:src/lib/wsp/adapters/indices.adapter.ts
FN:12,getIndices
FNF:1
FNH:1
FNDA:6,getIndices
DA:1,1
DA:8,1
DA:9,1
DA:10,1
DA:12,6
DA:13,6
DA:14,6
DA:15,6
DA:17,6
DA:18,6
DA:20,6
DA:21,6
DA:22,6
DA:23,6
DA:24,5
DA:25,5
DA:26,5
DA:27,5
DA:28,5
DA:29,5
DA:31,6
DA:32,3
DA:33,3
DA:34,3
DA:35,3
DA:36,5
DA:37,5
DA:38,1
DA:39,1
DA:40,1
DA:41,1
DA:42,6
LF:32
LH:32
BRDA:12,0,0,6
BRDA:13,1,0,1
BRDA:13,2,0,1
BRDA:17,3,0,0
BRDA:18,4,0,0
BRDA:20,5,0,0
BRDA:23,6,0,5
BRDA:27,7,0,1
BRDA:28,8,0,1
BRDA:31,9,0,4
BRDA:31,10,0,3
BRDA:31,11,0,5
BRDA:31,12,0,3
BRDA:33,13,0,2
BRDA:37,14,0,1
BRF:15
BRH:12
end_of_record
TN:
SF:src/lib/wsp/adapters/ratesFx.adapter.ts
FN:12,getRatesFx
FNF:1
FNH:1
FNDA:6,getRatesFx
DA:1,1
DA:8,1
DA:9,1
DA:10,1
DA:12,6
DA:13,6
DA:14,6
DA:15,6
DA:17,6
DA:18,6
DA:20,6
DA:21,6
DA:22,6
DA:23,6
DA:24,5
DA:25,5
DA:26,5
DA:27,5
DA:28,5
DA:29,5
DA:31,6
DA:32,3
DA:33,3
DA:34,3
DA:35,3
DA:36,5
DA:37,5
DA:38,1
DA:39,1
DA:40,1
DA:41,1
DA:42,6
LF:32
LH:32
BRDA:12,0,0,6
BRDA:13,1,0,1
BRDA:13,2,0,1
BRDA:17,3,0,0
BRDA:18,4,0,0
BRDA:20,5,0,0
BRDA:23,6,0,5
BRDA:27,7,0,1
BRDA:28,8,0,1
BRDA:31,9,0,4
BRDA:31,10,0,3
BRDA:31,11,0,5
BRDA:31,12,0,3
BRDA:33,13,0,2
BRDA:37,14,0,1
BRF:15
BRH:12
end_of_record
TN:
SF:src/lib/wsp/cache/redisClient.ts
FN:7,setRedisClient
FN:10,get
FN:19,set
FN:26,del
FN:35,tokenBucket
FN:57,canPassCircuit
FN:68,reportCircuitSuccess
FN:72,reportCircuitFailure
FN:83,fetchWithCacheETag
FNF:9
FNH:7
FNDA:0,setRedisClient
FNDA:76,get
FNDA:56,set
FNDA:0,del
FNDA:30,tokenBucket
FNDA:27,canPassCircuit
FNDA:21,reportCircuitSuccess
FNDA:6,reportCircuitFailure
FNDA:27,fetchWithCacheETag
DA:4,1
DA:6,1
DA:7,1
DA:9,1
DA:10,1
DA:11,76
DA:12,76
DA:13,76
DA:14,64
DA:15,46
DA:16,46
DA:17,0
DA:18,76
DA:19,1
DA:20,56
DA:21,56
DA:22,56
DA:23,56
DA:24,0
DA:25,56
DA:26,1
DA:27,0
DA:28,0
DA:29,0
DA:30,1
DA:34,1
DA:35,1
DA:36,30
DA:37,30
DA:38,30
DA:39,13
DA:40,13
DA:41,13
DA:42,30
DA:43,30
DA:44,30
DA:45,30
DA:46,30
DA:47,30
DA:48,30
DA:49,0
DA:50,0
DA:55,1
DA:57,1
DA:58,27
DA:59,27
DA:60,27
DA:61,27
DA:62,0
DA:63,0
DA:64,0
DA:65,16
DA:66,16
DA:68,1
DA:69,21
DA:70,21
DA:72,1
DA:73,6
DA:74,6
DA:75,6
DA:76,6
DA:77,6
DA:78,6
DA:79,6
DA:80,6
DA:83,27
DA:84,27
DA:85,27
DA:86,27
DA:87,27
DA:88,27
DA:89,27
DA:90,27
DA:91,27
DA:92,27
DA:93,27
DA:95,27
DA:96,27
DA:97,27
DA:98,23
DA:99,27
DA:100,5
DA:101,5
DA:102,5
DA:103,22
DA:104,13
DA:105,13
DA:106,13
DA:107,13
DA:108,13
DA:109,19
DA:110,10
DA:111,10
DA:113,5
DA:114,5
DA:115,5
DA:116,27
DA:118,27
DA:119,27
LF:99
LH:89
BRDA:10,0,0,76
BRDA:13,1,0,30
BRDA:13,2,0,64
BRDA:13,3,0,46
BRDA:14,4,0,0
BRDA:14,5,0,46
BRDA:16,6,0,0
BRDA:19,7,0,56
BRDA:23,8,0,0
BRDA:35,9,0,30
BRDA:38,10,0,13
BRDA:48,11,0,0
BRDA:57,12,0,27
BRDA:59,13,0,11
BRDA:59,14,0,16
BRDA:60,15,0,0
BRDA:60,16,0,0
BRDA:60,17,0,16
BRDA:61,18,0,0
BRDA:61,19,0,0
BRDA:64,20,0,16
BRDA:68,21,0,21
BRDA:72,22,0,6
BRDA:73,23,0,4
BRDA:77,24,0,1
BRDA:77,25,0,5
BRDA:83,26,0,27
BRDA:93,27,0,14
BRDA:97,28,0,23
BRDA:99,29,0,5
BRDA:101,30,0,4
BRDA:102,31,0,22
BRDA:102,32,0,19
BRDA:103,33,0,6
BRDA:103,34,0,19
BRDA:103,35,0,13
BRDA:109,36,0,10
BRDA:111,37,0,5
BRDA:116,38,0,0
BRF:39
BRH:30
end_of_record
TN:
SF:src/lib/wsp/norm/store.ts
FN:8,readStats
FN:18,writeStats
FN:33,readPctl
FN:43,writePctl
FNF:4
FNH:4
FNDA:8,readStats
FNDA:6,writeStats
FNDA:6,readPctl
FNDA:4,writePctl
DA:1,1
DA:4,1
DA:6,1
DA:8,8
DA:9,8
DA:10,8
DA:11,8
DA:12,8
DA:13,4
DA:14,8
DA:15,4
DA:16,4
DA:18,6
DA:19,6
DA:20,6
DA:21,6
DA:22,6
DA:23,6
DA:24,6
DA:26,1
DA:27,1
DA:28,1
DA:29,1
DA:30,1
DA:31,1
DA:33,6
DA:34,6
DA:35,6
DA:36,6
DA:37,6
DA:38,3
DA:39,6
DA:40,3
DA:41,3
DA:43,4
DA:44,4
DA:45,4
DA:46,4
DA:47,4
DA:48,4
DA:49,4
LF:41
LH:41
BRDA:8,0,0,8
BRDA:11,1,0,4
BRDA:12,2,0,0
BRDA:12,3,0,4
BRDA:14,4,0,0
BRDA:14,5,0,0
BRDA:14,6,0,4
BRDA:18,7,0,6
BRDA:22,8,0,0
BRDA:33,9,0,6
BRDA:36,10,0,3
BRDA:37,11,0,0
BRDA:37,12,0,3
BRDA:39,13,0,0
BRDA:39,14,0,0
BRDA:39,15,0,3
BRDA:43,16,0,4
BRDA:47,17,0,0
BRF:18
BRH:10
end_of_record
TN:
SF:src/lib/wsp/norm/streaming.ts
FN:6,updateWelford
FN:18,stdFromWelford
FN:23,rollZ
FN:52,P2Quantile
FN:58,initFromFive
FN:67,update
FN:119,estimate
FN:124,toSnapshot
FN:128,fromSnapshot
FN:142,rollPctl
FNF:10
FNH:9
FNDA:11,updateWelford
FNDA:1,stdFromWelford
FNDA:0,rollZ
FNDA:10,P2Quantile
FNDA:2,initFromFive
FNDA:2008,update
FNDA:2,estimate
FNDA:8,toSnapshot
FNDA:4,fromSnapshot
FNDA:4,rollPctl
DA:6,1
DA:7,11
DA:8,11
DA:9,11
DA:10,11
DA:11,11
DA:12,11
DA:13,11
DA:14,11
DA:15,11
DA:16,11
DA:18,1
DA:19,1
DA:20,1
DA:21,1
DA:23,1
DA:24,0
DA:25,0
DA:26,0
DA:27,0
DA:28,0
DA:42,1
DA:44,1
DA:45,1
DA:46,1
DA:47,1
DA:48,1
DA:49,1
DA:50,1
DA:52,1
DA:53,10
DA:54,10
DA:55,10
DA:56,10
DA:58,1
DA:59,2
DA:60,2
DA:61,2
DA:62,2
DA:63,2
DA:64,2
DA:65,2
DA:67,1
DA:68,2008
DA:69,2008
DA:70,18
DA:71,18
DA:72,2
DA:73,2
DA:74,2
DA:75,18
DA:76,18
DA:79,1990
DA:80,2000
DA:81,12
DA:82,12
DA:83,2000
DA:84,6
DA:85,6
DA:86,1978
DA:87,1972
DA:88,1972
DA:90,1972
DA:93,2000
DA:96,2000
DA:99,2000
DA:100,5970
DA:101,5970
DA:102,443
DA:104,443
DA:105,443
DA:106,443
DA:107,443
DA:108,443
DA:110,443
DA:111,2
DA:112,2
DA:113,443
DA:114,443
DA:115,443
DA:116,5970
DA:117,2008
DA:119,1
DA:120,2
DA:121,2
DA:122,2
DA:124,1
DA:125,8
DA:126,8
DA:128,1
DA:129,4
DA:130,4
DA:131,4
DA:132,4
DA:133,4
DA:134,4
DA:135,4
DA:136,4
DA:137,4
DA:138,1
DA:142,1
DA:143,4
DA:144,4
DA:145,4
DA:146,4
DA:147,4
DA:148,4
LF:107
LH:102
BRDA:6,0,0,11
BRDA:7,1,0,6
BRDA:7,2,0,5
BRDA:8,3,0,6
BRDA:8,4,0,5
BRDA:9,5,0,6
BRDA:9,6,0,5
BRDA:18,7,0,1
BRDA:19,8,0,0
BRDA:52,9,0,10
BRDA:53,10,0,0
BRDA:55,11,0,4
BRDA:58,12,0,2
BRDA:59,13,0,12
BRDA:67,14,0,2008
BRDA:69,15,0,18
BRDA:71,16,0,2
BRDA:76,17,0,2000
BRDA:76,18,0,1990
BRDA:80,19,0,12
BRDA:83,20,0,1978
BRDA:83,21,0,6
BRDA:86,22,0,1972
BRDA:88,23,0,4931
BRDA:88,24,0,2959
BRDA:90,25,0,1990
BRDA:93,26,0,4983
BRDA:93,27,0,1990
BRDA:96,28,0,9950
BRDA:96,29,0,1990
BRDA:99,30,0,5970
BRDA:101,31,0,230
BRDA:101,32,0,5753
BRDA:101,33,0,237
BRDA:101,34,0,443
BRDA:110,35,0,441
BRDA:110,36,0,2
BRDA:116,37,0,1990
BRDA:119,38,0,2
BRDA:120,39,0,0
BRDA:124,40,0,8
BRDA:128,41,0,4
BRDA:142,42,0,4
BRDA:143,43,0,2
BRDA:144,44,0,2
BRF:45
BRH:42
end_of_record
TN:
SF:src/lib/wsp/schemas/calendar.schema.ts
FNF:0
FNH:0
DA:1,1
DA:3,1
DA:4,1
DA:5,1
DA:6,1
DA:7,1
DA:8,1
DA:9,1
LF:8
LH:8
BRF:0
BRH:0
end_of_record
TN:
SF:src/lib/wsp/schemas/etfFlow.schema.ts
FNF:0
FNH:0
DA:1,1
DA:3,1
DA:4,1
DA:5,1
DA:6,1
DA:7,1
DA:8,1
DA:9,1
LF:8
LH:8
BRF:0
BRH:0
end_of_record
TN:
SF:src/lib/wsp/schemas/indices.schema.ts
FNF:0
FNH:0
DA:1,1
DA:3,1
DA:4,1
DA:5,1
DA:6,1
DA:7,1
DA:8,1
DA:9,1
DA:10,1
DA:11,1
DA:12,1
DA:13,1
LF:12
LH:12
BRF:0
BRH:0
end_of_record
TN:
SF:src/lib/wsp/schemas/ratesFx.schema.ts
FNF:0
FNH:0
DA:1,1
DA:3,1
DA:4,1
DA:5,1
DA:6,1
DA:7,1
DA:8,1
DA:9,1
LF:8
LH:8
BRF:0
BRH:0
end_of_record
TN:
SF:src/metrics/wsp.metrics.ts
FN:43,recordApiHit
FN:49,setWspsScore
FN:54,recordAdapterRequest
FN:60,recordCacheHit
FN:65,recordEvent
FN:70,getPromMetrics
FNF:6
FNH:6
FNDA:130,recordApiHit
FNDA:22,setWspsScore
FNDA:148,recordAdapterRequest
FNDA:125,recordCacheHit
FNDA:107,recordEvent
FNDA:9,getPromMetrics
DA:2,1
DA:3,1
DA:4,1
DA:5,1
DA:6,1
DA:7,1
DA:8,1
DA:11,1
DA:12,1
DA:13,1
DA:18,1
DA:19,1
DA:20,1
DA:23,1
DA:25,1
DA:26,6
DA:28,6
DA:29,6
DA:30,6
DA:31,6
DA:32,6
DA:33,6
DA:34,6
DA:35,6
DA:36,6
DA:37,6
DA:38,6
DA:39,3
DA:40,3
DA:41,6
DA:43,1
DA:44,130
DA:45,130
DA:46,130
DA:47,130
DA:49,1
DA:50,22
DA:51,22
DA:52,22
DA:54,1
DA:55,148
DA:56,148
DA:57,148
DA:58,148
DA:60,1
DA:61,125
DA:62,125
DA:63,125
DA:65,1
DA:66,107
DA:67,107
DA:68,107
DA:70,9
DA:71,9
DA:72,3
DA:73,3
LF:56
LH:56
BRDA:25,0,0,6
BRDA:38,1,0,3
BRDA:43,2,0,130
BRDA:45,3,0,4
BRDA:45,4,0,4
BRDA:45,5,0,1
BRDA:45,6,0,1
BRDA:46,7,0,4
BRDA:46,8,0,4
BRDA:46,9,0,3
BRDA:46,10,0,2
BRDA:49,11,0,22
BRDA:51,12,0,1
BRDA:51,13,0,1
BRDA:54,14,0,148
BRDA:56,15,0,2
BRDA:56,16,0,2
BRDA:56,17,0,1
BRDA:56,18,0,1
BRDA:57,19,0,2
BRDA:57,20,0,2
BRDA:57,21,0,1
BRDA:57,22,0,1
BRDA:60,23,0,125
BRDA:62,24,0,4
BRDA:62,25,0,4
BRDA:65,26,0,107
BRDA:67,27,0,1
BRDA:67,28,0,1
BRDA:70,29,0,9
BRDA:71,30,0,3
BRDA:71,31,0,8
BRDA:71,32,0,6
BRDA:71,33,0,3
BRF:34
BRH:34
end_of_record
